(---------------------------------------------------------------------)
(                                                                     )
(    ARTWORK LOG                                                      )
(                                                                     )
(    Drawing          : QNET1.brd                                     )
(    Software Version : 17.2P019                                      )
(    Date/Time        : Tue Jul 30 15:56:43 2019                      )
(                                                                     )
(---------------------------------------------------------------------)


 ---- Photoplot outline rectangle not found; using drawing extents.



Results from parameter file ...
    DEVICE-TYPE           GERBER_RS274X
    OUTPUT-UNITS          MM
    FILM-SIZE             2400000 1600000
    FORMAT                2.5
    ABORT-ON-ERROR        NO
    SCALE                 1
    SUPPRESS-LEAD-ZEROES  YES
    SUPPRESS-TRAIL-ZEROES NO
    SUPPRESS-EQUAL        YES
    UNDEF-APT-CONT        NO



================================================================
     PROCESSING FILM < DrillDraw >
     TO FILE < C:/USERS/USER/DESKTOP/신성욱 교수님/EXAM/allegro/gerber/DrillDraw.art > ...
================================================================

  FILM PARAMETERS :
  ---------------------------------------------------------
  Undefined line width                0.100
  Mirror code                         NONE
  Rotate angle                        NONE
  Offset x:                           0.000
  Offset y:                           0.000
  Plot negative                       NO
  Suppress unconnected internal pads  NO
  Draw holes only                     NO



  APERTURES USED:
  ---------------------------------------------------------
  TYPE       SIZE/NAME                   ROT   MIRROR MODE 
  ---------------------------------------------------------
  CIRCLE     0.10000                                  DARK 

     DrillDraw created.


================================================================
     PROCESSING FILM < MeatlB >
     TO FILE < C:/USERS/USER/DESKTOP/신성욱 교수님/EXAM/allegro/gerber/MeatlB.art > ...
================================================================

  FILM PARAMETERS :
  ---------------------------------------------------------
  Undefined line width                0.000
  Mirror code                         NONE
  Rotate angle                        NONE
  Offset x:                           0.000
  Offset y:                           0.000
  Plot negative                       NO
  Suppress unconnected internal pads  NO
  Draw holes only                     NO



  APERTURES USED:  NONE
     MeatlB created.


================================================================
     PROCESSING FILM < MetalT >
     TO FILE < C:/USERS/USER/DESKTOP/신성욱 교수님/EXAM/allegro/gerber/MetalT.art > ...
================================================================

  FILM PARAMETERS :
  ---------------------------------------------------------
  Undefined line width                0.000
  Mirror code                         NONE
  Rotate angle                        NONE
  Offset x:                           0.000
  Offset y:                           0.000
  Plot negative                       NO
  Suppress unconnected internal pads  NO
  Draw holes only                     NO



  APERTURES USED:  NONE
     MetalT created.


================================================================
     PROCESSING FILM < SolderB >
     TO FILE < C:/USERS/USER/DESKTOP/신성욱 교수님/EXAM/allegro/gerber/SolderB.art > ...
================================================================

  FILM PARAMETERS :
  ---------------------------------------------------------
  Undefined line width                0.000
  Mirror code                         NONE
  Rotate angle                        NONE
  Offset x:                           0.000
  Offset y:                           0.000
  Plot negative                       NO
  Suppress unconnected internal pads  NO
  Draw holes only                     NO



  APERTURES USED:
  ---------------------------------------------------------
  TYPE       SIZE/NAME                   ROT   MIRROR MODE 
  ---------------------------------------------------------
  CIRCLE     1.90500                                  DARK 
  CIRCLE     2.03200                                  DARK 
  CIRCLE     3.68300                                  DARK 
  SQUARE     1.90500                     0.000 NO     DARK 
  RECTANGLE  1.01600     x 1.52400       0.000 NO     DARK 
  OBLONG     1.01600     x 1.52400       0.000 NO     DARK 

     SolderB created.


================================================================
     PROCESSING FILM < SolderT >
     TO FILE < C:/USERS/USER/DESKTOP/신성욱 교수님/EXAM/allegro/gerber/SolderT.art > ...
================================================================

  FILM PARAMETERS :
  ---------------------------------------------------------
  Undefined line width                0.000
  Mirror code                         NONE
  Rotate angle                        NONE
  Offset x:                           0.000
  Offset y:                           0.000
  Plot negative                       NO
  Suppress unconnected internal pads  NO
  Draw holes only                     NO



  APERTURES USED:
  ---------------------------------------------------------
  TYPE       SIZE/NAME                   ROT   MIRROR MODE 
  ---------------------------------------------------------
  CIRCLE     1.90500                                  DARK 
  CIRCLE     2.03200                                  DARK 
  CIRCLE     3.68300                                  DARK 
  SQUARE     1.90500                     0.000 NO     DARK 
  RECTANGLE  1.01600     x 1.52400       0.000 NO     DARK 
  OBLONG     1.01600     x 1.52400       0.000 NO     DARK 

     SolderT created.


================================================================
     PROCESSING FILM < skikb >
     TO FILE < C:/USERS/USER/DESKTOP/신성욱 교수님/EXAM/allegro/gerber/skikb.art > ...
================================================================

  FILM PARAMETERS :
  ---------------------------------------------------------
  Undefined line width                0.200
  Mirror code                         NONE
  Rotate angle                        NONE
  Offset x:                           0.000
  Offset y:                           0.000
  Plot negative                       NO
  Suppress unconnected internal pads  NO
  Draw holes only                     NO

    WARNING: 0 width line found at (21.336 43.180)
           ... using undefined line width of 0.200

    WARNING: Multiple 0 width lines; all will be treated the same as the first.
           ... using undefined line width of 0.200



  APERTURES USED:
  ---------------------------------------------------------
  TYPE       SIZE/NAME                   ROT   MIRROR MODE 
  ---------------------------------------------------------
  CIRCLE     0.20000                                  DARK 
  CIRCLE     0.20300                                  DARK 
  CIRCLE     0.40000                                  DARK 

     skikb created with warnings


================================================================
     PROCESSING FILM < SilkT >
     TO FILE < C:/USERS/USER/DESKTOP/신성욱 교수님/EXAM/allegro/gerber/SilkT.art > ...
================================================================

  FILM PARAMETERS :
  ---------------------------------------------------------
  Undefined line width                0.200
  Mirror code                         NONE
  Rotate angle                        NONE
  Offset x:                           0.000
  Offset y:                           0.000
  Plot negative                       NO
  Suppress unconnected internal pads  NO
  Draw holes only                     NO

    WARNING: text composed 0 width line found at (6.575 30.178)
           ... using undefined line width of 0.200

    WARNING: text having Multiple 0 width lines; all will be treated the same as the first.
           ... using undefined line width of 0.200



  APERTURES USED:
  ---------------------------------------------------------
  TYPE       SIZE/NAME                   ROT   MIRROR MODE 
  ---------------------------------------------------------
  CIRCLE     0.20000                                  DARK 
  CIRCLE     0.20300                                  DARK 
  CIRCLE     0.40000                                  DARK 

     SilkT created with warnings


================================================================
     PROCESSING FILM < Design >
     TO FILE < C:/USERS/USER/DESKTOP/신성욱 교수님/EXAM/allegro/gerber/Design.art > ...
================================================================

  FILM PARAMETERS :
  ---------------------------------------------------------
  Undefined line width                0.000
  Mirror code                         NONE
  Rotate angle                        NONE
  Offset x:                           0.000
  Offset y:                           0.000
  Plot negative                       NO
  Suppress unconnected internal pads  NO
  Draw holes only                     NO

    WARNING: Film contains layer ROUTE KEEPOUT/ALL that should not normally be used etch (conductor) layers.
    WARNING: Film contains layer ROUTE KEEPIN/ALL that should not normally be used etch (conductor) layers.
    WARNING: Film contains layer PACKAGE KEEPIN/ALL that should not normally be used etch (conductor) layers.
           
    WARNING: more than one pin class in film record
    WARNING: more than one via class in film record
    WARNING: more than one etch class in film record
    WARNING: rectangle or unfilled shape composed 0 width line found at (2.000 2.000)
           ... ignored.

    WARNING: rectangle or unfilled shape having Multiple 0 width lines; all will be treated the same as the first.
           ... ignored.



  APERTURES USED:
  ---------------------------------------------------------
  TYPE       SIZE/NAME                   ROT   MIRROR MODE 
  ---------------------------------------------------------
  CIRCLE     0.20300                                  DARK 
  CIRCLE     0.40000                                  DARK 
  CIRCLE     0.50000                                  DARK 
  CIRCLE     0.63500                                  DARK 
  CIRCLE     1.00000                                  DARK 
  CIRCLE     1.52400                                  DARK 
  CIRCLE     1.65100                                  DARK 
  SQUARE     1.52400                     0.000 NO     DARK 
  RECTANGLE  1.01600     x 1.52400       0.000 NO     DARK 
  OBLONG     1.01600     x 1.52400       0.000 NO     DARK 

     Design created with warnings


================================================================
     PROCESSING FILM < BOTTOM >
     TO FILE < C:/USERS/USER/DESKTOP/신성욱 교수님/EXAM/allegro/gerber/BOTTOM.art > ...
================================================================

  FILM PARAMETERS :
  ---------------------------------------------------------
  Undefined line width                0.000
  Mirror code                         NONE
  Rotate angle                        NONE
  Offset x:                           0.000
  Offset y:                           0.000
  Plot negative                       NO
  Suppress unconnected internal pads  NO
  Draw holes only                     NO



  APERTURES USED:
  ---------------------------------------------------------
  TYPE       SIZE/NAME                   ROT   MIRROR MODE 
  ---------------------------------------------------------
  CIRCLE     0.50000                                  DARK 
  CIRCLE     0.63500                                  DARK 
  CIRCLE     1.00000                                  DARK 
  CIRCLE     1.52400                                  DARK 
  CIRCLE     1.65100                                  DARK 
  SQUARE     1.52400                     0.000 NO     DARK 
  RECTANGLE  1.01600     x 1.52400       0.000 NO     DARK 
  OBLONG     1.01600     x 1.52400       0.000 NO     DARK 

     BOTTOM created.


================================================================
     PROCESSING FILM < TOP >
     TO FILE < C:/USERS/USER/DESKTOP/신성욱 교수님/EXAM/allegro/gerber/TOP.art > ...
================================================================

  FILM PARAMETERS :
  ---------------------------------------------------------
  Undefined line width                0.000
  Mirror code                         NONE
  Rotate angle                        NONE
  Offset x:                           0.000
  Offset y:                           0.000
  Plot negative                       NO
  Suppress unconnected internal pads  NO
  Draw holes only                     NO



  APERTURES USED:
  ---------------------------------------------------------
  TYPE       SIZE/NAME                   ROT   MIRROR MODE 
  ---------------------------------------------------------
  CIRCLE     0.50000                                  DARK 
  CIRCLE     0.63500                                  DARK 
  CIRCLE     1.00000                                  DARK 
  CIRCLE     1.52400                                  DARK 
  CIRCLE     1.65100                                  DARK 
  SQUARE     1.52400                     0.000 NO     DARK 
  RECTANGLE  1.01600     x 1.52400       0.000 NO     DARK 
  OBLONG     1.01600     x 1.52400       0.000 NO     DARK 

     TOP created.


------------------------------------------------------
 SUMMARY:
        DrillDraw created.
        MeatlB created.
        MetalT created.
        SolderB created.
        SolderT created.
        skikb created with warnings
        SilkT created with warnings
        Design created with warnings
        BOTTOM created.
        TOP created.

 ARTWORK had warnings
